Unity Editor version:    2020.3.18f1 (a7d1c678663c)
Branch:                  2020.3/staging
Build type:              Release
Batch mode:              YES
macOS version:           Version 11.6 (Build 20G165)
Darwin version:          20.6.0
Architecture:            x86_64
Running under Rosetta:   NO
Available memory:        16384 MB
Using pre-set license
Pro License: NO

COMMAND LINE ARGUMENTS:
/Applications/Unity/Hub/Editor/2020.3.18f1/Unity.app/Contents/MacOS/Unity
-adb2
-batchMode
-noUpm
-name
AssetImportWorker0
-projectPath
/Users/myrandacook/Documents/GitHub/UNITY/Memories Of a Digital Age
-logFile
Logs/AssetImportWorker0.log
-srvPort
49951
Successfully changed project path to: /Users/myrandacook/Documents/GitHub/UNITY/Memories Of a Digital Age
/Users/myrandacook/Documents/GitHub/UNITY/Memories Of a Digital Age
Using Asset Import Pipeline V2.
Refreshing native plugins compatible for Editor in 30.85 ms, found 2 plugins.
Preloading 0 native plugins for Editor in 0.00 ms.
Initialize engine version: 2020.3.18f1 (a7d1c678663c)
[Subsystems] Discovering subsystems at path /Applications/Unity/Hub/Editor/2020.3.18f1/Unity.app/Contents/Resources/UnitySubsystems
[Subsystems] Discovering subsystems at path /Users/myrandacook/Documents/GitHub/UNITY/Memories Of a Digital Age/Assets
GfxDevice: creating device client; threaded=0
2021-11-15 11:06:00.365 Unity[1243:24318] Color LCD preferred device: Intel(R) UHD Graphics 630 (low power)
2021-11-15 11:06:00.365 Unity[1243:24318] Metal devices available: 2
2021-11-15 11:06:00.365 Unity[1243:24318] 0: AMD Radeon Pro 5300M (high power)
2021-11-15 11:06:00.365 Unity[1243:24318] 1: Intel(R) UHD Graphics 630 (low power)
2021-11-15 11:06:00.365 Unity[1243:24318] Using device AMD Radeon Pro 5300M (high power)
Initializing Metal device caps: AMD Radeon Pro 5300M
Initialize mono
Mono path[0] = '/Applications/Unity/Hub/Editor/2020.3.18f1/Unity.app/Contents/Managed'
Mono path[1] = '/Applications/Unity/Hub/Editor/2020.3.18f1/Unity.app/Contents/MonoBleedingEdge/lib/mono/unityjit'
Mono config path = '/Applications/Unity/Hub/Editor/2020.3.18f1/Unity.app/Contents/MonoBleedingEdge/etc'
Using monoOptions --debugger-agent=transport=dt_socket,embedding=1,server=y,suspend=n,address=127.0.0.1:56243
Begin MonoManager ReloadAssembly
Registering precompiled unity dll's ...
Register platform support module: /Applications/Unity/Hub/Editor/2020.3.18f1/Unity.app/Contents/PlaybackEngines/MacStandaloneSupport/UnityEditor.OSXStandalone.Extensions.dll
Registered in 0.000498 seconds.
Native extension for OSXStandalone target not found
Refreshing native plugins compatible for Editor in 26.30 ms, found 2 plugins.
Preloading 0 native plugins for Editor in 0.00 ms.
Mono: successfully reloaded assembly
- Completed reload, in  1.830 seconds
Domain Reload Profiling:
	ReloadAssembly (1830ms)
		BeginReloadAssembly (46ms)
			ExecutionOrderSort (0ms)
			DisableScriptedObjects (0ms)
			BackupInstance (0ms)
			ReleaseScriptingObjects (0ms)
			CreateAndSetChildDomain (1ms)
		EndReloadAssembly (471ms)
			LoadAssemblies (44ms)
			RebuildTransferFunctionScriptingTraits (0ms)
			SetupTypeCache (193ms)
			ReleaseScriptCaches (0ms)
			RebuildScriptCaches (42ms)
			SetupLoadedEditorAssemblies (179ms)
				LogAssemblyErrors (0ms)
				InitializePlatformSupportModulesInManaged (4ms)
				SetLoadedEditorAssemblies (0ms)
				RefreshPlugins (26ms)
				BeforeProcessingInitializeOnLoad (10ms)
				ProcessInitializeOnLoadAttributes (107ms)
				ProcessInitializeOnLoadMethodAttributes (31ms)
				AfterProcessingInitializeOnLoad (0ms)
				EditorAssembliesLoaded (0ms)
			ExecutionOrderSort2 (0ms)
			AwakeInstancesAfterBackupRestoration (0ms)
Platform modules already initialized, skipping
Registering precompiled user dll's ...
Registered in 0.001154 seconds.
Begin MonoManager ReloadAssembly
Native extension for OSXStandalone target not found
Refreshing native plugins compatible for Editor in 0.27 ms, found 2 plugins.
Preloading 0 native plugins for Editor in 0.00 ms.
Mono: successfully reloaded assembly
- Completed reload, in  1.127 seconds
Domain Reload Profiling:
	ReloadAssembly (1127ms)
		BeginReloadAssembly (173ms)
			ExecutionOrderSort (0ms)
			DisableScriptedObjects (6ms)
			BackupInstance (0ms)
			ReleaseScriptingObjects (0ms)
			CreateAndSetChildDomain (33ms)
		EndReloadAssembly (876ms)
			LoadAssemblies (79ms)
			RebuildTransferFunctionScriptingTraits (0ms)
			SetupTypeCache (337ms)
			ReleaseScriptCaches (0ms)
			RebuildScriptCaches (53ms)
			SetupLoadedEditorAssemblies (297ms)
				LogAssemblyErrors (0ms)
				InitializePlatformSupportModulesInManaged (5ms)
				SetLoadedEditorAssemblies (0ms)
				RefreshPlugins (0ms)
				BeforeProcessingInitializeOnLoad (48ms)
				ProcessInitializeOnLoadAttributes (237ms)
				ProcessInitializeOnLoadMethodAttributes (4ms)
				AfterProcessingInitializeOnLoad (1ms)
				EditorAssembliesLoaded (0ms)
			ExecutionOrderSort2 (0ms)
			AwakeInstancesAfterBackupRestoration (7ms)
Platform modules already initialized, skipping
Validating Project structure ... 0.000153 seconds.
Shader import version has changed; will reimport all shaders...
Upgrading shader files ...0.000191 seconds.
Application.AssetDatabase Initial Script Refresh Start
RefreshInfo: InitialScriptRefreshV2(NoUpdateAssetOptions) scanfilter:  ... 1 filters
RefreshProfiler: Total: 0.000ms
Application.AssetDatabase Initial Script Refresh End
Application.AssetDatabase.Refresh Start
Application.AssetDatabase.Refresh End
RefreshInfo: StopAssetImportingV2(ForceSynchronousImport) scanfilter: 
RefreshProfiler: Total: 0.000ms
Launching external process: /Applications/Unity/Hub/Editor/2020.3.18f1/Unity.app/Contents/Tools/UnityShaderCompiler
Launched and connected shader compiler UnityShaderCompiler after 0.01 seconds
Initializing Unity extensions:
========================================================================
Worker process is ready to serve import requests
Refreshing native plugins compatible for Editor in 0.19 ms, found 2 plugins.
Preloading 0 native plugins for Editor in 0.00 ms.
Unloading 1397 Unused Serialized files (Serialized files now loaded: 0)
System memory in use before: 159.0 MB.
System memory in use after: 158.2 MB.

Unloading 77 unused Assets to reduce memory usage. Loaded Objects now: 1871.
Total: 3.292641 ms (FindLiveObjects: 0.155090 ms CreateObjectMapping: 0.047508 ms MarkObjects: 2.585162 ms  DeleteObjects: 0.503872 ms)

AssetImportParameters requested are different than current active one (requested -> active):
  custom:video-decoder-ogg-theora: a1e56fd34408186e4bbccfd4996cb3dc -> 
  custom:container-muxer-webm: aa71ff27fc2769a1b78a27578f13a17b -> 
  custom:container-demuxer-webm: 4f35f7cbe854078d1ac9338744f61a02 -> 
  custom:container-demuxer-ogg: 62fdf1f143b41e24485cea50d1cbac27 -> 
  custom:video-encoder-webm-vp8: eb34c28f22e8b96e1ab97ce403110664 -> 
  custom:framework-osx-AVFoundation: e770b220cccbd017edd2c1fefb359320 -> 
  custom:video-decoder-webm-vp8: 9c59270c3fd7afecdb556c50c9e8de78 -> 
  custom:audio-decoder-ogg-vorbis: bf7c407c2cedff20999df2af8eb42d56 -> 
  custom:audio-encoder-webm-vorbis: bf7c407c2cedff20999df2af8eb42d56 -> 
========================================================================
Received Import Request.
  path: Assets/Memories of a Digital Age.unity
  artifactKey: Guid(0fa77b3a9739843e091cb34ac5c25ce8) Importer(815301076,1909f56bfc062723c751e8b465ee728b)
Start importing Assets/Memories of a Digital Age.unity using Guid(0fa77b3a9739843e091cb34ac5c25ce8) Importer(815301076,1909f56bfc062723c751e8b465ee728b)  -> (artifact id: 'ff626f0c72b4385a8c3ecc151395d1ba') in 0.011161 seconds 
  Import took 0.013280 seconds .

========================================================================
Received Import Request.
  Time since last request: 9.863566 seconds.
  path: Assets/Don't Touch That Dial!.unity
  artifactKey: Guid(0fa77b3a9739843e091cb34ac5c25ce8) Importer(815301076,1909f56bfc062723c751e8b465ee728b)
Start importing Assets/Don't Touch That Dial!.unity using Guid(0fa77b3a9739843e091cb34ac5c25ce8) Importer(815301076,1909f56bfc062723c751e8b465ee728b)  -> (artifact id: 'd77250733b2219018b85411b3815abc3') in 0.001522 seconds 
  Import took 0.004392 seconds .

========================================================================
Received Import Request.
  Time since last request: 354.673490 seconds.
  path: Assets/_Television_set/1.mat
  artifactKey: Guid(31bf4fd76097dba43b674789cbdad406) Importer(815301076,1909f56bfc062723c751e8b465ee728b)
Start importing Assets/_Television_set/1.mat using Guid(31bf4fd76097dba43b674789cbdad406) Importer(815301076,1909f56bfc062723c751e8b465ee728b)  -> (artifact id: '3f02baa6e965fa2591d109213185486c') in 1.570913 seconds 
  Import took 1.573601 seconds .

========================================================================
Received Import Request.
  Time since last request: 0.002709 seconds.
  path: Assets/_Television_set/TV_90_pic.prefab
  artifactKey: Guid(e6b4fced9d9b2be4d8e4b5756ef723ea) Importer(815301076,1909f56bfc062723c751e8b465ee728b)
Start importing Assets/_Television_set/TV_90_pic.prefab using Guid(e6b4fced9d9b2be4d8e4b5756ef723ea) Importer(815301076,1909f56bfc062723c751e8b465ee728b)  -> (artifact id: 'a18b44895506059144fdaf2365749b2a') in 0.682702 seconds 
  Import took 0.687093 seconds .

========================================================================
Received Import Request.
  Time since last request: 0.002244 seconds.
  path: Assets/_Television_set/TV_70_pic.prefab
  artifactKey: Guid(9b68a2aa6e4d98a4d98ab316a6a8df44) Importer(815301076,1909f56bfc062723c751e8b465ee728b)
Start importing Assets/_Television_set/TV_70_pic.prefab using Guid(9b68a2aa6e4d98a4d98ab316a6a8df44) Importer(815301076,1909f56bfc062723c751e8b465ee728b)  -> (artifact id: 'bc2735391dac62378d3f43cb47c6f665') in 0.050125 seconds 
  Import took 0.054468 seconds .

========================================================================
Received Import Request.
  Time since last request: 0.000242 seconds.
  path: Assets/_Television_set/TV_80.prefab
  artifactKey: Guid(61399d2f3ed456342b96a35b5c92fb45) Importer(815301076,1909f56bfc062723c751e8b465ee728b)
Start importing Assets/_Television_set/TV_80.prefab using Guid(61399d2f3ed456342b96a35b5c92fb45) Importer(815301076,1909f56bfc062723c751e8b465ee728b)  -> (artifact id: 'f78a1f5f185e15cff8b6e41c9d5bef05') in 0.048006 seconds 
  Import took 0.052448 seconds .

========================================================================
Received Import Request.
  Time since last request: 0.000247 seconds.
  path: Assets/_Television_set/TV_90.prefab
  artifactKey: Guid(09f7146695c66af43a235d5ef8a2cb78) Importer(815301076,1909f56bfc062723c751e8b465ee728b)
Start importing Assets/_Television_set/TV_90.prefab using Guid(09f7146695c66af43a235d5ef8a2cb78) Importer(815301076,1909f56bfc062723c751e8b465ee728b)  -> (artifact id: '86db8b297a639203b59155d12b65f632') in 0.049705 seconds 
  Import took 0.054030 seconds .

========================================================================
Received Import Request.
  Time since last request: 0.000234 seconds.
  path: Assets/_Television_set/TV_70.prefab
  artifactKey: Guid(36e08fddbbb585241afd80c5ff91baae) Importer(815301076,1909f56bfc062723c751e8b465ee728b)
Start importing Assets/_Television_set/TV_70.prefab using Guid(36e08fddbbb585241afd80c5ff91baae) Importer(815301076,1909f56bfc062723c751e8b465ee728b)  -> (artifact id: '19f1ed5b75313d32963791ca42f15a58') in 0.046801 seconds 
  Import took 0.051307 seconds .

========================================================================
Received Import Request.
  Time since last request: 0.000291 seconds.
  path: Assets/_Television_set/TV_80_pic.prefab
  artifactKey: Guid(80d1d86e65f58704795cc2e78a3ef3f2) Importer(815301076,1909f56bfc062723c751e8b465ee728b)
Start importing Assets/_Television_set/TV_80_pic.prefab using Guid(80d1d86e65f58704795cc2e78a3ef3f2) Importer(815301076,1909f56bfc062723c751e8b465ee728b)  -> (artifact id: '77317a4e11d1bd4be330b5ce6f3d218a') in 0.047983 seconds 
  Import took 0.052183 seconds .

========================================================================
Received Import Request.
  Time since last request: 0.000225 seconds.
  path: Assets/_Television_set/TV_00.prefab
  artifactKey: Guid(fceb5e52f8508724196c02c1216318d9) Importer(815301076,1909f56bfc062723c751e8b465ee728b)
Start importing Assets/_Television_set/TV_00.prefab using Guid(fceb5e52f8508724196c02c1216318d9) Importer(815301076,1909f56bfc062723c751e8b465ee728b)  -> (artifact id: '1901b07397a0a1162b7fb96fb1219acf') in 0.047251 seconds 
  Import took 0.051488 seconds .

========================================================================
Received Import Request.
  Time since last request: 0.000232 seconds.
  path: Assets/_Television_set/TV_00_pic.prefab
  artifactKey: Guid(ba7c1599e3d5a734b9f29545efdcf78a) Importer(815301076,1909f56bfc062723c751e8b465ee728b)
Start importing Assets/_Television_set/TV_00_pic.prefab using Guid(ba7c1599e3d5a734b9f29545efdcf78a) Importer(815301076,1909f56bfc062723c751e8b465ee728b)  -> (artifact id: '485fd4e664aed10666ae13a03f30b1f3') in 0.049220 seconds 
  Import took 0.053530 seconds .

========================================================================
Received Import Request.
  Time since last request: 0.908093 seconds.
  path: Assets/_Television_set/Sources
  artifactKey: Guid(dd78c52f39bfd420aab6113e65ff70c2) Importer(815301076,1909f56bfc062723c751e8b465ee728b)
Start importing Assets/_Television_set/Sources using Guid(dd78c52f39bfd420aab6113e65ff70c2) Importer(815301076,1909f56bfc062723c751e8b465ee728b)  -> (artifact id: '50961f37f62343ceddec8cdc545616b0') in 0.001172 seconds 
  Import took 0.003741 seconds .

========================================================================
Received Import Request.
  Time since last request: 1.074317 seconds.
  path: Assets/_Television_set/SpecGrayscaleSF.shader
  artifactKey: Guid(3ff978f6de0b6f747b35dad5293e8566) Importer(815301076,1909f56bfc062723c751e8b465ee728b)
Start importing Assets/_Television_set/SpecGrayscaleSF.shader using Guid(3ff978f6de0b6f747b35dad5293e8566) Importer(815301076,1909f56bfc062723c751e8b465ee728b)  -> (artifact id: '3c29dc58e35657ed06f43df99806a4b4') in 0.165362 seconds 
  Import took 0.168316 seconds .

========================================================================
Received Import Request.
  Time since last request: 0.727992 seconds.
  path: Assets/_Television_set/SpecGrayscaleSF.shader
  artifactKey: Guid(3ff978f6de0b6f747b35dad5293e8566) Importer(815301076,1909f56bfc062723c751e8b465ee728b)
Start importing Assets/_Television_set/SpecGrayscaleSF.shader using Guid(3ff978f6de0b6f747b35dad5293e8566) Importer(815301076,1909f56bfc062723c751e8b465ee728b)  -> (artifact id: '3c29dc58e35657ed06f43df99806a4b4') in 0.004723 seconds 
  Import took 0.007388 seconds .

========================================================================
Received Import Request.
  Time since last request: 55.091236 seconds.
  path: Assets/_Television_set/Sources/Tv_1_2.FBX
  artifactKey: Guid(26476caddb5857c4690ed192867040ef) Importer(815301076,1909f56bfc062723c751e8b465ee728b)
Start importing Assets/_Television_set/Sources/Tv_1_2.FBX using Guid(26476caddb5857c4690ed192867040ef) Importer(815301076,1909f56bfc062723c751e8b465ee728b)  -> (artifact id: '5033bb65c8cfc3dec099b1fcd6f94bbd') in 0.813828 seconds 
  Import took 0.816487 seconds .

========================================================================
Received Import Request.
  Time since last request: 0.003734 seconds.
  path: Assets/_Television_set/Sources/Tv_3_4.FBX
  artifactKey: Guid(b2d94e17043992b498b87025a9602cb3) Importer(815301076,1909f56bfc062723c751e8b465ee728b)
Start importing Assets/_Television_set/Sources/Tv_3_4.FBX using Guid(b2d94e17043992b498b87025a9602cb3) Importer(815301076,1909f56bfc062723c751e8b465ee728b)  -> (artifact id: '9f522621816367ed0c01059dcc12ddda') in 0.050448 seconds 
  Import took 0.052975 seconds .

========================================================================
Received Import Request.
  Time since last request: 0.000327 seconds.
  path: Assets/_Television_set/Sources/Televisor_00.FBX
  artifactKey: Guid(a0735c0199160ca47923f5c5b01bbc9d) Importer(815301076,1909f56bfc062723c751e8b465ee728b)
Start importing Assets/_Television_set/Sources/Televisor_00.FBX using Guid(a0735c0199160ca47923f5c5b01bbc9d) Importer(815301076,1909f56bfc062723c751e8b465ee728b)  -> (artifact id: '3c6eeeabfd759c9f46c90eca55b83dfc') in 0.016621 seconds 
  Import took 0.019111 seconds .

========================================================================
Received Import Request.
  Time since last request: 0.000346 seconds.
  path: Assets/_Television_set/Sources/Televisor_80.FBX
  artifactKey: Guid(8e78b47319cfabb48a77eb878c09d660) Importer(815301076,1909f56bfc062723c751e8b465ee728b)
Start importing Assets/_Television_set/Sources/Televisor_80.FBX using Guid(8e78b47319cfabb48a77eb878c09d660) Importer(815301076,1909f56bfc062723c751e8b465ee728b)  -> (artifact id: '75dfa084d00f97f904d1049d3eecd6cb') in 0.018557 seconds 
  Import took 0.022948 seconds .

========================================================================
Received Import Request.
  Time since last request: 0.000219 seconds.
  path: Assets/_Television_set/Sources/Televisor_70.FBX
  artifactKey: Guid(ae036e67213013941ae9cb3d1b4e403a) Importer(815301076,1909f56bfc062723c751e8b465ee728b)
Start importing Assets/_Television_set/Sources/Televisor_70.FBX using Guid(ae036e67213013941ae9cb3d1b4e403a) Importer(815301076,1909f56bfc062723c751e8b465ee728b)  -> (artifact id: 'f8e0c53902176225a6ebb1887af41ab5') in 0.021889 seconds 
  Import took 0.024588 seconds .

========================================================================
Received Import Request.
  Time since last request: 0.000249 seconds.
  path: Assets/_Television_set/Sources/Televisor_90.FBX
  artifactKey: Guid(0d2af790d2a3c244ba25944d1d5b70b6) Importer(815301076,1909f56bfc062723c751e8b465ee728b)
Start importing Assets/_Television_set/Sources/Televisor_90.FBX using Guid(0d2af790d2a3c244ba25944d1d5b70b6) Importer(815301076,1909f56bfc062723c751e8b465ee728b)  -> (artifact id: '41fb404d57a81af46e83d707aad93856') in 0.016550 seconds 
  Import took 0.019134 seconds .

========================================================================
Received Import Request.
  Time since last request: 0.000249 seconds.
  path: Assets/_Television_set/Sources/Televisor_70.FBX
  artifactKey: Guid(ae036e67213013941ae9cb3d1b4e403a) Importer(815301076,1909f56bfc062723c751e8b465ee728b)
Start importing Assets/_Television_set/Sources/Televisor_70.FBX using Guid(ae036e67213013941ae9cb3d1b4e403a) Importer(815301076,1909f56bfc062723c751e8b465ee728b)  -> (artifact id: 'f8e0c53902176225a6ebb1887af41ab5') in 0.036375 seconds 
  Import took 0.039645 seconds .

========================================================================
Received Import Request.
  Time since last request: 0.000336 seconds.
  path: Assets/_Television_set/Sources/Televisor_90.FBX
  artifactKey: Guid(0d2af790d2a3c244ba25944d1d5b70b6) Importer(815301076,1909f56bfc062723c751e8b465ee728b)
Start importing Assets/_Television_set/Sources/Televisor_90.FBX using Guid(0d2af790d2a3c244ba25944d1d5b70b6) Importer(815301076,1909f56bfc062723c751e8b465ee728b)  -> (artifact id: '41fb404d57a81af46e83d707aad93856') in 0.017202 seconds 
  Import took 0.021336 seconds .

========================================================================
Received Import Request.
  Time since last request: 19.278982 seconds.
  path: Assets/_Television_set/Sources/Materials/yourPic.png
  artifactKey: Guid(f0eb6a24108456d48813b8ce215d617b) Importer(815301076,1909f56bfc062723c751e8b465ee728b)
Start importing Assets/_Television_set/Sources/Materials/yourPic.png using Guid(f0eb6a24108456d48813b8ce215d617b) Importer(815301076,1909f56bfc062723c751e8b465ee728b)  -> (artifact id: 'a4e02b0fa0e92bb071550f3ef178f489') in 1.471470 seconds 
  Import took 1.474331 seconds .

========================================================================
Received Import Request.
  Time since last request: 0.003424 seconds.
  path: Assets/_Television_set/Sources/Materials/yourPic.png
  artifactKey: Guid(f0eb6a24108456d48813b8ce215d617b) Importer(815301076,1909f56bfc062723c751e8b465ee728b)
Start importing Assets/_Television_set/Sources/Materials/yourPic.png using Guid(f0eb6a24108456d48813b8ce215d617b) Importer(815301076,1909f56bfc062723c751e8b465ee728b)  -> (artifact id: 'a4e02b0fa0e92bb071550f3ef178f489') in 0.008002 seconds 
  Import took 0.010488 seconds .

========================================================================
Received Import Request.
  Time since last request: 0.240250 seconds.
  path: Assets/_Television_set/Sources/Materials/_Tv_newdefault_Default.mat
  artifactKey: Guid(54978102faf074b949e8d234e682385f) Importer(815301076,1909f56bfc062723c751e8b465ee728b)
Start importing Assets/_Television_set/Sources/Materials/_Tv_newdefault_Default.mat using Guid(54978102faf074b949e8d234e682385f) Importer(815301076,1909f56bfc062723c751e8b465ee728b)  -> (artifact id: '94ee52d72b985223790a9b52ee9b6607') in 0.014193 seconds 
  Import took 0.017753 seconds .

========================================================================
Received Import Request.
  Time since last request: 0.000360 seconds.
  path: Assets/_Television_set/Sources/Materials/Tv_3_4_normal.png
  artifactKey: Guid(fa6976d2cf6585e49a082b29d4186875) Importer(815301076,1909f56bfc062723c751e8b465ee728b)
Start importing Assets/_Television_set/Sources/Materials/Tv_3_4_normal.png using Guid(fa6976d2cf6585e49a082b29d4186875) Importer(815301076,1909f56bfc062723c751e8b465ee728b)  -> (artifact id: '01599f9d0ad5f96d9e238443bbb77246') in 0.020475 seconds 
  Import took 0.023519 seconds .

========================================================================
Received Import Request.
  Time since last request: 0.000196 seconds.
  path: Assets/_Television_set/Sources/Materials/Tv_1_2_default_Default_color.mat
  artifactKey: Guid(de57e884819ae4f5ab236325bd49b593) Importer(815301076,1909f56bfc062723c751e8b465ee728b)
Start importing Assets/_Television_set/Sources/Materials/Tv_1_2_default_Default_color.mat using Guid(de57e884819ae4f5ab236325bd49b593) Importer(815301076,1909f56bfc062723c751e8b465ee728b)  -> (artifact id: 'cd71407340d2ab781391c481fb2a5c03') in 0.019546 seconds 
  Import took 0.022032 seconds .

========================================================================
Received Import Request.
  Time since last request: 0.000237 seconds.
  path: Assets/_Television_set/Sources/Materials/Material #25.mat
  artifactKey: Guid(ec56b77bfa97b4377b8e9a9241cfa101) Importer(815301076,1909f56bfc062723c751e8b465ee728b)
Start importing Assets/_Television_set/Sources/Materials/Material #25.mat using Guid(ec56b77bfa97b4377b8e9a9241cfa101) Importer(815301076,1909f56bfc062723c751e8b465ee728b)  -> (artifact id: '999a8e1eef36d811e1cfcf90b18b81a7') in 0.011197 seconds 
  Import took 0.013584 seconds .

========================================================================
Received Import Request.
  Time since last request: 0.000217 seconds.
  path: Assets/_Television_set/Sources/Materials/Tv_3_4.mat
  artifactKey: Guid(ab75909894de3ba4298bf5f22b1f09e0) Importer(815301076,1909f56bfc062723c751e8b465ee728b)
Start importing Assets/_Television_set/Sources/Materials/Tv_3_4.mat using Guid(ab75909894de3ba4298bf5f22b1f09e0) Importer(815301076,1909f56bfc062723c751e8b465ee728b)  -> (artifact id: 'd9cb7f23dbc19f2283d8dee99730ac32') in 0.047624 seconds 
  Import took 0.053530 seconds .

========================================================================
Received Import Request.
  Time since last request: 0.000258 seconds.
  path: Assets/_Television_set/Sources/Materials/Tv_1_2.mat
  artifactKey: Guid(c147bc251c9a3e14f9f2592373ab18e7) Importer(815301076,1909f56bfc062723c751e8b465ee728b)
Start importing Assets/_Television_set/Sources/Materials/Tv_1_2.mat using Guid(c147bc251c9a3e14f9f2592373ab18e7) Importer(815301076,1909f56bfc062723c751e8b465ee728b)  -> (artifact id: '6d9a04eb67e81dc7a1828ac3e75ac9aa') in 0.056608 seconds 
  Import took 0.061399 seconds .

========================================================================
Received Import Request.
  Time since last request: 0.000228 seconds.
  path: Assets/_Television_set/Sources/Materials/Tv_3_4_diff.png
  artifactKey: Guid(7051c15489f463d47b35213b0c0fcabc) Importer(815301076,1909f56bfc062723c751e8b465ee728b)
Start importing Assets/_Television_set/Sources/Materials/Tv_3_4_diff.png using Guid(7051c15489f463d47b35213b0c0fcabc) Importer(815301076,1909f56bfc062723c751e8b465ee728b)  -> (artifact id: '466f75806cc3228a909a2a884fc3e0ac') in 0.014117 seconds 
  Import took 0.016514 seconds .

========================================================================
Received Import Request.
  Time since last request: 0.000218 seconds.
  path: Assets/_Television_set/Sources/Materials/Tv_1_2_gloss.png
  artifactKey: Guid(a4a8f38fd23db2b4e8dc9d461b6f489e) Importer(815301076,1909f56bfc062723c751e8b465ee728b)
Start importing Assets/_Television_set/Sources/Materials/Tv_1_2_gloss.png using Guid(a4a8f38fd23db2b4e8dc9d461b6f489e) Importer(815301076,1909f56bfc062723c751e8b465ee728b)  -> (artifact id: '9e7ad4dac0eb8864a9bbe8b257bfc12b') in 0.015654 seconds 
  Import took 0.018092 seconds .

========================================================================
Received Import Request.
  Time since last request: 0.000258 seconds.
  path: Assets/_Television_set/Sources/Materials/Tv_3_4_default_Default_color.mat
  artifactKey: Guid(8bdea524a19f94209a4b762460e1fae3) Importer(815301076,1909f56bfc062723c751e8b465ee728b)
Start importing Assets/_Television_set/Sources/Materials/Tv_3_4_default_Default_color.mat using Guid(8bdea524a19f94209a4b762460e1fae3) Importer(815301076,1909f56bfc062723c751e8b465ee728b)  -> (artifact id: '6754cb1a5a02ac78383e375ff1d3e6b6') in 0.011045 seconds 
  Import took 0.013517 seconds .

========================================================================
Received Import Request.
  Time since last request: 0.000243 seconds.
  path: Assets/_Television_set/Sources/Materials/YourPic.mat
  artifactKey: Guid(16aebe7d34d5f6e4ca9d778acc20d47e) Importer(815301076,1909f56bfc062723c751e8b465ee728b)
Start importing Assets/_Television_set/Sources/Materials/YourPic.mat using Guid(16aebe7d34d5f6e4ca9d778acc20d47e) Importer(815301076,1909f56bfc062723c751e8b465ee728b)  -> (artifact id: '9dc132620e02f0612cc6e08f365a398d') in 0.018988 seconds 
  Import took 0.022340 seconds .

========================================================================
Received Import Request.
  Time since last request: 0.000303 seconds.
  path: Assets/_Television_set/Sources/Materials/_tv_olddefault_Default.mat
  artifactKey: Guid(4baf7d27a0da340cbb4c13cb1b1c2951) Importer(815301076,1909f56bfc062723c751e8b465ee728b)
Start importing Assets/_Television_set/Sources/Materials/_tv_olddefault_Default.mat using Guid(4baf7d27a0da340cbb4c13cb1b1c2951) Importer(815301076,1909f56bfc062723c751e8b465ee728b)  -> (artifact id: '2f49de2c5fa654d8c91952ed5c951a8e') in 0.014326 seconds 
  Import took 0.018008 seconds .

========================================================================
Received Import Request.
  Time since last request: 0.000229 seconds.
  path: Assets/_Television_set/Sources/Materials/_Tv_newdefault_Default.mat
  artifactKey: Guid(54978102faf074b949e8d234e682385f) Importer(815301076,1909f56bfc062723c751e8b465ee728b)
Start importing Assets/_Television_set/Sources/Materials/_Tv_newdefault_Default.mat using Guid(54978102faf074b949e8d234e682385f) Importer(815301076,1909f56bfc062723c751e8b465ee728b)  -> (artifact id: '94ee52d72b985223790a9b52ee9b6607') in 0.014716 seconds 
  Import took 0.018037 seconds .

========================================================================
Received Import Request.
  Time since last request: 0.000276 seconds.
  path: Assets/_Television_set/Sources/Materials/Tv_1_2_diff.png
  artifactKey: Guid(8ca9bfcbb2ce7b541a82fd20ccd63775) Importer(815301076,1909f56bfc062723c751e8b465ee728b)
Start importing Assets/_Television_set/Sources/Materials/Tv_1_2_diff.png using Guid(8ca9bfcbb2ce7b541a82fd20ccd63775) Importer(815301076,1909f56bfc062723c751e8b465ee728b)  -> (artifact id: '1e3b287217a66793058558196a41b2d3') in 0.018526 seconds 
  Import took 0.022443 seconds .

========================================================================
Received Import Request.
  Time since last request: 0.000244 seconds.
  path: Assets/_Television_set/Sources/Materials/Tv_1_2_normal.png
  artifactKey: Guid(23398f5e21877b344bdd37e66b29a835) Importer(815301076,1909f56bfc062723c751e8b465ee728b)
Start importing Assets/_Television_set/Sources/Materials/Tv_1_2_normal.png using Guid(23398f5e21877b344bdd37e66b29a835) Importer(815301076,1909f56bfc062723c751e8b465ee728b)  -> (artifact id: '4eadd0f6b94ae81d6f1a09bf6fae177f') in 0.016930 seconds 
  Import took 0.019289 seconds .

========================================================================
Received Import Request.
  Time since last request: 0.000203 seconds.
  path: Assets/_Television_set/Sources/Materials/Tv_3_4_gloss.png
  artifactKey: Guid(99d05ef6a15c5774a903dda7b892cf9a) Importer(815301076,1909f56bfc062723c751e8b465ee728b)
Start importing Assets/_Television_set/Sources/Materials/Tv_3_4_gloss.png using Guid(99d05ef6a15c5774a903dda7b892cf9a) Importer(815301076,1909f56bfc062723c751e8b465ee728b)  -> (artifact id: 'baf1de84223391977586c5d9775510aa') in 0.013381 seconds 
  Import took 0.015849 seconds .

========================================================================
Received Import Request.
  Time since last request: 0.028234 seconds.
  path: Assets/_Television_set/Sources/Materials/Tv_3_4_gloss.png
  artifactKey: Guid(99d05ef6a15c5774a903dda7b892cf9a) Importer(815301076,1909f56bfc062723c751e8b465ee728b)
Start importing Assets/_Television_set/Sources/Materials/Tv_3_4_gloss.png using Guid(99d05ef6a15c5774a903dda7b892cf9a) Importer(815301076,1909f56bfc062723c751e8b465ee728b)  -> (artifact id: 'baf1de84223391977586c5d9775510aa') in 0.019741 seconds 
  Import took 0.023502 seconds .

========================================================================
Received Import Request.
  Time since last request: 22.728428 seconds.
  path: Assets/_Television_set/Sources/Materials/New Folder
  artifactKey: Guid(142d8e1052209425eb55912974a37748) Importer(815301076,1909f56bfc062723c751e8b465ee728b)
Start importing Assets/_Television_set/Sources/Materials/New Folder using Guid(142d8e1052209425eb55912974a37748) Importer(815301076,1909f56bfc062723c751e8b465ee728b)  -> (artifact id: 'fc61e1dad6f45089255b6e8d3b6bb09c') in 0.001796 seconds 
  Import took 0.004385 seconds .

========================================================================
Received Import Request.
  Time since last request: 2.310669 seconds.
  path: Assets/_Television_set/Sources/Cubemap.cubemap
  artifactKey: Guid(9d93495c52057fb46bc81ce86086d627) Importer(815301076,1909f56bfc062723c751e8b465ee728b)
Start importing Assets/_Television_set/Sources/Cubemap.cubemap using Guid(9d93495c52057fb46bc81ce86086d627) Importer(815301076,1909f56bfc062723c751e8b465ee728b)  -> (artifact id: '4496274408cd1eb8ed4b4c60cfa98bec') in 0.255701 seconds 
  Import took 0.258389 seconds .

========================================================================
Received Import Request.
  Time since last request: 7.940789 seconds.
  path: Assets/_Television_set/New Folder
  artifactKey: Guid(84ddef319fb8945d7bf9530815f042bb) Importer(815301076,1909f56bfc062723c751e8b465ee728b)
Start importing Assets/_Television_set/New Folder using Guid(84ddef319fb8945d7bf9530815f042bb) Importer(815301076,1909f56bfc062723c751e8b465ee728b)  -> (artifact id: '228c44e9a9ebd0da10c2ab3ab92dfa71') in 0.001704 seconds 
  Import took 0.004323 seconds .

========================================================================
Received Import Request.
  Time since last request: 84.028841 seconds.
  path: Assets/_Television_set/Sources/Materials/Tv_3_4_diff.png
  artifactKey: Guid(7051c15489f463d47b35213b0c0fcabc) Importer(815301076,1909f56bfc062723c751e8b465ee728b)
Start importing Assets/_Television_set/Sources/Materials/Tv_3_4_diff.png using Guid(7051c15489f463d47b35213b0c0fcabc) Importer(815301076,1909f56bfc062723c751e8b465ee728b)  -> (artifact id: '173d1d6fdf1303d81acafc0546bf7794') in 0.024192 seconds 
  Import took 0.027156 seconds .

========================================================================
Received Import Request.
  Time since last request: 22.989621 seconds.
  path: Assets/_Television_set/Sources/Materials
  artifactKey: Guid(8994161907afe453ca110cce8ed03a76) Importer(815301076,1909f56bfc062723c751e8b465ee728b)
Start importing Assets/_Television_set/Sources/Materials using Guid(8994161907afe453ca110cce8ed03a76) Importer(815301076,1909f56bfc062723c751e8b465ee728b)  -> (artifact id: 'e50e423db5abf7920e0cc3903a96ee10') in 0.001193 seconds 
  Import took 0.003942 seconds .

========================================================================
Received Import Request.
  Time since last request: 99.582705 seconds.
  path: Assets/_Television_set/Sources/Materials/TV PROJECT (no sound).mp4
  artifactKey: Guid(44d0060a73708407fbc9590ba09f2cf7) Importer(815301076,1909f56bfc062723c751e8b465ee728b)
Start importing Assets/_Television_set/Sources/Materials/TV PROJECT (no sound).mp4 using Guid(44d0060a73708407fbc9590ba09f2cf7) Importer(815301076,1909f56bfc062723c751e8b465ee728b)  -> (artifact id: '46654b4518a50a6460658b3a9e2b28f1') in 0.997884 seconds 
  Import took 1.000431 seconds .

========================================================================
Received Import Request.
  Time since last request: 100.566178 seconds.
  path: Packages/com.unity.ugui/package.json
  artifactKey: Guid(319b8889f363f5947acf209c17a94149) Importer(815301076,1909f56bfc062723c751e8b465ee728b)
Start importing Packages/com.unity.ugui/package.json using Guid(319b8889f363f5947acf209c17a94149) Importer(815301076,1909f56bfc062723c751e8b465ee728b)  -> (artifact id: '39d1f12f0f4420a8b9dea50868bbb5d0') in 0.294611 seconds 
  Import took 0.297490 seconds .

========================================================================
Received Import Request.
  Time since last request: 0.203313 seconds.
  path: Packages/com.unity.collab-proxy/package.json
  artifactKey: Guid(743fda8c4b219c8429fb5a77ede1c879) Importer(815301076,1909f56bfc062723c751e8b465ee728b)
Start importing Packages/com.unity.collab-proxy/package.json using Guid(743fda8c4b219c8429fb5a77ede1c879) Importer(815301076,1909f56bfc062723c751e8b465ee728b)  -> (artifact id: 'e3763271ecccd17d02d139549a016030') in 0.003089 seconds 
  Import took 0.005609 seconds .

========================================================================
Received Import Request.
  Time since last request: 0.443163 seconds.
  path: Packages/com.unity.ide.vscode/package.json
  artifactKey: Guid(ffc6271f08270b64ca0aae9c49235d81) Importer(815301076,1909f56bfc062723c751e8b465ee728b)
Start importing Packages/com.unity.ide.vscode/package.json using Guid(ffc6271f08270b64ca0aae9c49235d81) Importer(815301076,1909f56bfc062723c751e8b465ee728b)  -> (artifact id: '121f7f00aee585d875a77b1339ac65f1') in 0.002679 seconds 
  Import took 0.005493 seconds .

========================================================================
Received Import Request.
  Time since last request: 0.546371 seconds.
  path: Packages/com.unity.ide.visualstudio/package.json
  artifactKey: Guid(656f74f6edaa396458412b9e3903d8cd) Importer(815301076,1909f56bfc062723c751e8b465ee728b)
Start importing Packages/com.unity.ide.visualstudio/package.json using Guid(656f74f6edaa396458412b9e3903d8cd) Importer(815301076,1909f56bfc062723c751e8b465ee728b)  -> (artifact id: 'd46db23716272956467c90831c6c24d6') in 0.002746 seconds 
  Import took 0.005406 seconds .

========================================================================
Received Import Request.
  Time since last request: 0.657754 seconds.
  path: Packages/com.unity.ext.nunit/package.json
  artifactKey: Guid(8143d3a8390f2c64685e3bc272bd9e90) Importer(815301076,1909f56bfc062723c751e8b465ee728b)
Start importing Packages/com.unity.ext.nunit/package.json using Guid(8143d3a8390f2c64685e3bc272bd9e90) Importer(815301076,1909f56bfc062723c751e8b465ee728b)  -> (artifact id: '36f449bd9ed4a92e06d659da724da745') in 0.002828 seconds 
  Import took 0.005423 seconds .

========================================================================
Received Import Request.
  Time since last request: 0.520402 seconds.
  path: Packages/com.unity.ide.rider/package.json
  artifactKey: Guid(66c95bb3c74257f41bae2622511dc02d) Importer(815301076,1909f56bfc062723c751e8b465ee728b)
Start importing Packages/com.unity.ide.rider/package.json using Guid(66c95bb3c74257f41bae2622511dc02d) Importer(815301076,1909f56bfc062723c751e8b465ee728b)  -> (artifact id: 'ff96f7b61e94a0dc9b975679be81ead9') in 0.002658 seconds 
  Import took 0.005085 seconds .

========================================================================
Received Import Request.
  Time since last request: 0.494963 seconds.
  path: Packages/com.unity.test-framework/package.json
  artifactKey: Guid(d6a2e6e4803de7b43baacdc355fc144d) Importer(815301076,1909f56bfc062723c751e8b465ee728b)
Start importing Packages/com.unity.test-framework/package.json using Guid(d6a2e6e4803de7b43baacdc355fc144d) Importer(815301076,1909f56bfc062723c751e8b465ee728b)  -> (artifact id: '348d0090788821c173ed5a91192d97b9') in 0.002781 seconds 
  Import took 0.005405 seconds .

========================================================================
Received Import Request.
  Time since last request: 20.626605 seconds.
  path: Assets/_Television_set/Sources/TV PROJECT (no sound).mp4
  artifactKey: Guid(f5b8404633d5140b6b0eb025d722da2a) Importer(815301076,1909f56bfc062723c751e8b465ee728b)
Start importing Assets/_Television_set/Sources/TV PROJECT (no sound).mp4 using Guid(f5b8404633d5140b6b0eb025d722da2a) Importer(815301076,1909f56bfc062723c751e8b465ee728b)  -> (artifact id: '8639636909f2f69b4ca35426d6f29cb4') in 0.003436 seconds 
  Import took 0.006650 seconds .

========================================================================
Received Import Request.
  Time since last request: 0.010584 seconds.
  path: Assets/_Television_set/Sources/TV PROJECT (no sound).mp4
  artifactKey: Guid(f5b8404633d5140b6b0eb025d722da2a) Importer(815301076,1909f56bfc062723c751e8b465ee728b)
Start importing Assets/_Television_set/Sources/TV PROJECT (no sound).mp4 using Guid(f5b8404633d5140b6b0eb025d722da2a) Importer(815301076,1909f56bfc062723c751e8b465ee728b)  -> (artifact id: '8639636909f2f69b4ca35426d6f29cb4') in 0.002305 seconds 
  Import took 0.005310 seconds .

